yarn run v1.22.22
$ cross-env DISABLE_ESLINT_PLUGIN=true craco start
Cannot find ESLint plugin (ESLintWebpackPlugin).
(node:12948) [DEP_WEBPACK_DEV_SERVER_ON_AFTER_SETUP_MIDDLEWARE] DeprecationWarning: 'onAfterSetupMiddleware' option is deprecated. Please use the 'setupMiddlewares' option.
(Use `node --trace-deprecation ...` to show where the warning was created)
(node:12948) [DEP_WEBPACK_DEV_SERVER_ON_BEFORE_SETUP_MIDDLEWARE] DeprecationWarning: 'onBeforeSetupMiddleware' option is deprecated. Please use the 'setupMiddlewares' option.
Starting the development server...

Compiled successfully!

You can now view frontend in the browser.

  http://localhost:3000

Note that the development build is not optimized.
To create a production build, use yarn build.

webpack compiled successfully
Compiling...
Compiled successfully!
webpack compiled successfully
Compiling...
Compiled successfully!
webpack compiled successfully
Compiling...
Failed to compile.

Error: ENOENT: no such file or directory, open '/home/ubuntu/newcrucib/frontend/node_modules/@codesandbox/sandpack-client/node_modules/outvariant/lib/index.mjs'
ERROR in ./node_modules/@codesandbox/sandpack-client/node_modules/outvariant/lib/index.mjs
Module build failed (from ./node_modules/source-map-loader/dist/cjs.js):
Error: ENOENT: no such file or directory, open '/home/ubuntu/newcrucib/frontend/node_modules/@codesandbox/sandpack-client/node_modules/outvariant/lib/index.mjs'

ERROR in ./node_modules/immer/dist/immer.mjs
Module build failed (from ./node_modules/source-map-loader/dist/cjs.js):
Error: ENOENT: no such file or directory, open '/home/ubuntu/newcrucib/frontend/node_modules/immer/dist/immer.mjs'

webpack compiled with 2 errors
Compiling...
Failed to compile.

Error: ENOENT: no such file or directory, open '/home/ubuntu/newcrucib/frontend/node_modules/@codesandbox/sandpack-client/node_modules/outvariant/lib/index.mjs'
ERROR in ./node_modules/@codesandbox/sandpack-client/node_modules/outvariant/lib/index.mjs
Module build failed (from ./node_modules/source-map-loader/dist/cjs.js):
Error: ENOENT: no such file or directory, open '/home/ubuntu/newcrucib/frontend/node_modules/@codesandbox/sandpack-client/node_modules/outvariant/lib/index.mjs'

ERROR in ./node_modules/immer/dist/immer.mjs
Module build failed (from ./node_modules/source-map-loader/dist/cjs.js):
Error: ENOENT: no such file or directory, open '/home/ubuntu/newcrucib/frontend/node_modules/immer/dist/immer.mjs'

webpack compiled with 2 errors
Compiling...
Failed to compile.

Error: ENOENT: no such file or directory, open '/home/ubuntu/newcrucib/frontend/node_modules/@codesandbox/sandpack-client/node_modules/outvariant/lib/index.mjs'
ERROR in ./node_modules/@codesandbox/sandpack-client/node_modules/outvariant/lib/index.mjs
Module build failed (from ./node_modules/source-map-loader/dist/cjs.js):
Error: ENOENT: no such file or directory, open '/home/ubuntu/newcrucib/frontend/node_modules/@codesandbox/sandpack-client/node_modules/outvariant/lib/index.mjs'

ERROR in ./node_modules/immer/dist/immer.mjs
Module build failed (from ./node_modules/source-map-loader/dist/cjs.js):
Error: ENOENT: no such file or directory, open '/home/ubuntu/newcrucib/frontend/node_modules/immer/dist/immer.mjs'

webpack compiled with 2 errors
Compiling...
Failed to compile.

Error: ENOENT: no such file or directory, open '/home/ubuntu/newcrucib/frontend/node_modules/@codesandbox/sandpack-client/node_modules/outvariant/lib/index.mjs'
ERROR in ./node_modules/@codesandbox/sandpack-client/node_modules/outvariant/lib/index.mjs
Module build failed (from ./node_modules/source-map-loader/dist/cjs.js):
Error: ENOENT: no such file or directory, open '/home/ubuntu/newcrucib/frontend/node_modules/@codesandbox/sandpack-client/node_modules/outvariant/lib/index.mjs'

ERROR in ./node_modules/immer/dist/immer.mjs
Module build failed (from ./node_modules/source-map-loader/dist/cjs.js):
Error: ENOENT: no such file or directory, open '/home/ubuntu/newcrucib/frontend/node_modules/immer/dist/immer.mjs'

webpack compiled with 2 errors
Compiling...
Failed to compile.

Error: ENOENT: no such file or directory, open '/home/ubuntu/newcrucib/frontend/node_modules/@codesandbox/sandpack-client/node_modules/outvariant/lib/index.mjs'
ERROR in ./node_modules/@codesandbox/sandpack-client/node_modules/outvariant/lib/index.mjs
Module build failed (from ./node_modules/source-map-loader/dist/cjs.js):
Error: ENOENT: no such file or directory, open '/home/ubuntu/newcrucib/frontend/node_modules/@codesandbox/sandpack-client/node_modules/outvariant/lib/index.mjs'

ERROR in ./node_modules/immer/dist/immer.mjs
Module build failed (from ./node_modules/source-map-loader/dist/cjs.js):
Error: ENOENT: no such file or directory, open '/home/ubuntu/newcrucib/frontend/node_modules/immer/dist/immer.mjs'

webpack compiled with 2 errors
Compiling...
Failed to compile.

Error: ENOENT: no such file or directory, open '/home/ubuntu/newcrucib/frontend/node_modules/@codesandbox/sandpack-client/node_modules/outvariant/lib/index.mjs'
ERROR in ./node_modules/@codesandbox/sandpack-client/node_modules/outvariant/lib/index.mjs
Module build failed (from ./node_modules/source-map-loader/dist/cjs.js):
Error: ENOENT: no such file or directory, open '/home/ubuntu/newcrucib/frontend/node_modules/@codesandbox/sandpack-client/node_modules/outvariant/lib/index.mjs'

ERROR in ./node_modules/immer/dist/immer.mjs
Module build failed (from ./node_modules/source-map-loader/dist/cjs.js):
Error: ENOENT: no such file or directory, open '/home/ubuntu/newcrucib/frontend/node_modules/immer/dist/immer.mjs'

webpack compiled with 2 errors
Compiling...
Failed to compile.

Error: ENOENT: no such file or directory, open '/home/ubuntu/newcrucib/frontend/node_modules/@codesandbox/sandpack-client/node_modules/outvariant/lib/index.mjs'
ERROR in ./node_modules/@codesandbox/sandpack-client/node_modules/outvariant/lib/index.mjs
Module build failed (from ./node_modules/source-map-loader/dist/cjs.js):
Error: ENOENT: no such file or directory, open '/home/ubuntu/newcrucib/frontend/node_modules/@codesandbox/sandpack-client/node_modules/outvariant/lib/index.mjs'

ERROR in ./node_modules/immer/dist/immer.mjs
Module build failed (from ./node_modules/source-map-loader/dist/cjs.js):
Error: ENOENT: no such file or directory, open '/home/ubuntu/newcrucib/frontend/node_modules/immer/dist/immer.mjs'

webpack compiled with 2 errors
